2025-04-24 19:37:01,656 - INFO - Loaded 2 todos.
2025-04-24 19:37:27,481 - INFO - Loaded 2 todos.
2025-04-24 19:37:27,482 - INFO - Saved 3 todos.
2025-04-24 19:40:51,781 - INFO - Loaded 3 todos.
2025-04-24 19:41:10,213 - INFO - Loaded 3 todos.
2025-04-24 19:41:10,215 - INFO - Saved 4 todos.
2025-04-24 19:44:46,589 - WARNING - File not found. Returning empty list.
2025-04-24 19:45:07,870 - WARNING - File not found. Returning empty list.
2025-04-24 19:45:07,872 - INFO - Saved 1 todos.
2025-04-24 19:45:37,942 - INFO - Loaded 1 todos.
2025-04-24 19:48:35,267 - INFO - Loaded 4 todos.
2025-04-24 19:48:50,784 - INFO - Loaded 4 todos.
2025-04-24 19:48:50,786 - INFO - Saved 5 todos.
2025-04-24 19:49:25,623 - INFO - Loaded 5 todos.
2025-04-24 19:49:32,536 - INFO - Loaded 5 todos.
2025-04-24 19:49:32,538 - INFO - Saved 6 todos.
2025-04-24 19:49:45,534 - INFO - Loaded 6 todos.
2025-04-24 19:50:11,172 - INFO - Loaded 6 todos.
2025-04-24 19:50:11,174 - INFO - Saved 6 todos.
2025-04-24 19:50:25,530 - INFO - Loaded 6 todos.
2025-04-24 19:50:25,531 - INFO - Saved 5 todos.
2025-04-24 19:50:25,533 - INFO - Loaded 5 todos.
2025-04-24 20:43:02,197 - INFO - Todos loaded successfully.
2025-04-24 20:43:11,918 - INFO - Todos saved successfully.
2025-04-24 20:43:11,918 - INFO - Added new todo: 471ab759ae124a32938428fc758436df
2025-04-24 20:43:24,544 - INFO - Viewed todo: 471ab759ae124a32938428fc758436df
2025-04-24 20:43:55,588 - INFO - Todos saved successfully.
2025-04-24 20:43:55,588 - INFO - Updated todo: 471ab759ae124a32938428fc758436df
2025-04-24 20:43:59,053 - INFO - Todos saved successfully.
2025-04-24 20:43:59,054 - INFO - Removed todo: 471ab759ae124a32938428fc758436df
2025-04-24 20:43:59,055 - INFO - Todos saved successfully.
2025-04-24 21:30:33,176 - INFO - Todos loaded successfully.
2025-04-24 21:31:02,425 - INFO - Todos saved successfully.
2025-04-24 21:31:02,425 - INFO - Added new todo: eff2cb7308db4564ae5adf8699392665
